<?xml version="1.0" encoding="UTF-8"?>
<coverage generated="1692961040415" clover="3.2.0">
  <project timestamp="1692961040415" name="All files">
    <metrics statements="943" coveredstatements="794" conditionals="114" coveredconditionals="81" methods="30" coveredmethods="29" elements="1087" coveredelements="904" complexity="0" loc="943" ncloc="943" packages="1" files="6" classes="6"/>
    <file name="consolestyle.ts" path="/home/will/byteDancePro/packagedepgraph/consolestyle.ts">
      <metrics statements="25" coveredstatements="25" conditionals="0" coveredconditionals="0" methods="0" coveredmethods="0"/>
      <line num="1" count="1" type="stmt"/>
      <line num="2" count="1" type="stmt"/>
      <line num="3" count="1" type="stmt"/>
      <line num="4" count="1" type="stmt"/>
      <line num="5" count="1" type="stmt"/>
      <line num="6" count="1" type="stmt"/>
      <line num="7" count="1" type="stmt"/>
      <line num="8" count="1" type="stmt"/>
      <line num="9" count="1" type="stmt"/>
      <line num="10" count="1" type="stmt"/>
      <line num="11" count="1" type="stmt"/>
      <line num="12" count="1" type="stmt"/>
      <line num="13" count="1" type="stmt"/>
      <line num="14" count="1" type="stmt"/>
      <line num="15" count="1" type="stmt"/>
      <line num="16" count="1" type="stmt"/>
      <line num="17" count="1" type="stmt"/>
      <line num="18" count="1" type="stmt"/>
      <line num="19" count="1" type="stmt"/>
      <line num="20" count="1" type="stmt"/>
      <line num="21" count="1" type="stmt"/>
      <line num="22" count="1" type="stmt"/>
      <line num="23" count="1" type="stmt"/>
      <line num="24" count="1" type="stmt"/>
      <line num="25" count="1" type="stmt"/>
    </file>
    <file name="depanalyze.ts" path="/home/will/byteDancePro/packagedepgraph/depanalyze.ts">
      <metrics statements="344" coveredstatements="309" conditionals="44" coveredconditionals="28" methods="12" coveredmethods="12"/>
      <line num="1" count="1" type="stmt"/>
      <line num="2" count="1" type="stmt"/>
      <line num="3" count="1" type="stmt"/>
      <line num="4" count="1" type="stmt"/>
      <line num="5" count="1" type="stmt"/>
      <line num="6" count="1" type="stmt"/>
      <line num="7" count="1" type="stmt"/>
      <line num="8" count="1" type="stmt"/>
      <line num="9" count="1" type="stmt"/>
      <line num="10" count="1" type="stmt"/>
      <line num="11" count="1" type="stmt"/>
      <line num="12" count="1" type="stmt"/>
      <line num="13" count="1" type="stmt"/>
      <line num="14" count="1" type="stmt"/>
      <line num="15" count="1" type="stmt"/>
      <line num="16" count="1" type="stmt"/>
      <line num="17" count="1" type="stmt"/>
      <line num="18" count="1" type="stmt"/>
      <line num="19" count="1" type="stmt"/>
      <line num="20" count="1" type="stmt"/>
      <line num="21" count="1" type="stmt"/>
      <line num="22" count="1" type="stmt"/>
      <line num="23" count="1" type="stmt"/>
      <line num="24" count="1" type="stmt"/>
      <line num="25" count="1" type="stmt"/>
      <line num="26" count="1" type="stmt"/>
      <line num="27" count="1" type="stmt"/>
      <line num="28" count="1" type="stmt"/>
      <line num="29" count="1" type="stmt"/>
      <line num="30" count="1" type="stmt"/>
      <line num="31" count="1" type="stmt"/>
      <line num="32" count="1" type="stmt"/>
      <line num="33" count="1" type="stmt"/>
      <line num="34" count="1" type="stmt"/>
      <line num="35" count="1" type="stmt"/>
      <line num="36" count="1" type="stmt"/>
      <line num="37" count="1" type="stmt"/>
      <line num="38" count="1" type="stmt"/>
      <line num="39" count="1" type="stmt"/>
      <line num="40" count="1" type="stmt"/>
      <line num="41" count="1" type="stmt"/>
      <line num="42" count="1" type="stmt"/>
      <line num="43" count="1" type="stmt"/>
      <line num="44" count="1" type="stmt"/>
      <line num="45" count="1" type="stmt"/>
      <line num="46" count="1" type="stmt"/>
      <line num="47" count="1" type="cond" truecount="1" falsecount="0"/>
      <line num="48" count="2" type="stmt"/>
      <line num="49" count="2" type="stmt"/>
      <line num="50" count="2" type="stmt"/>
      <line num="51" count="2" type="stmt"/>
      <line num="52" count="2" type="stmt"/>
      <line num="53" count="2" type="stmt"/>
      <line num="54" count="2" type="stmt"/>
      <line num="55" count="2" type="stmt"/>
      <line num="56" count="2" type="stmt"/>
      <line num="57" count="2" type="stmt"/>
      <line num="58" count="2" type="stmt"/>
      <line num="59" count="2" type="stmt"/>
      <line num="60" count="2" type="stmt"/>
      <line num="61" count="2" type="stmt"/>
      <line num="62" count="2" type="stmt"/>
      <line num="63" count="2" type="stmt"/>
      <line num="64" count="1" type="stmt"/>
      <line num="65" count="1" type="cond" truecount="1" falsecount="0"/>
      <line num="66" count="7" type="stmt"/>
      <line num="67" count="7" type="stmt"/>
      <line num="68" count="7" type="cond" truecount="0" falsecount="1"/>
      <line num="69" count="7" type="stmt"/>
      <line num="70" count="7" type="stmt"/>
      <line num="71" count="1" type="stmt"/>
      <line num="72" count="1" type="cond" truecount="1" falsecount="0"/>
      <line num="73" count="6" type="cond" truecount="0" falsecount="1"/>
      <line num="74" count="0" type="stmt"/>
      <line num="75" count="0" type="stmt"/>
      <line num="76" count="6" type="stmt"/>
      <line num="77" count="6" type="stmt"/>
      <line num="78" count="6" type="stmt"/>
      <line num="79" count="6" type="stmt"/>
      <line num="80" count="6" type="stmt"/>
      <line num="81" count="6" type="stmt"/>
      <line num="82" count="6" type="stmt"/>
      <line num="83" count="6" type="stmt"/>
      <line num="84" count="6" type="stmt"/>
      <line num="85" count="1" type="stmt"/>
      <line num="86" count="1" type="cond" truecount="1" falsecount="0"/>
      <line num="87" count="6" type="stmt"/>
      <line num="88" count="6" type="stmt"/>
      <line num="89" count="6" type="stmt"/>
      <line num="90" count="6" type="stmt"/>
      <line num="91" count="6" type="stmt"/>
      <line num="92" count="6" type="stmt"/>
      <line num="93" count="6" type="stmt"/>
      <line num="94" count="6" type="stmt"/>
      <line num="95" count="6" type="stmt"/>
      <line num="96" count="6" type="stmt"/>
      <line num="97" count="6" type="stmt"/>
      <line num="98" count="6" type="stmt"/>
      <line num="99" count="1" type="stmt"/>
      <line num="100" count="1" type="stmt"/>
      <line num="101" count="1" type="stmt"/>
      <line num="102" count="1" type="cond" truecount="1" falsecount="0"/>
      <line num="103" count="60" type="cond" truecount="0" falsecount="1"/>
      <line num="104" count="0" type="stmt"/>
      <line num="105" count="0" type="stmt"/>
      <line num="106" count="60" type="stmt"/>
      <line num="107" count="60" type="stmt"/>
      <line num="108" count="60" type="stmt"/>
      <line num="109" count="60" type="stmt"/>
      <line num="110" count="60" type="stmt"/>
      <line num="111" count="60" type="stmt"/>
      <line num="112" count="60" type="stmt"/>
      <line num="113" count="60" type="cond" truecount="1" falsecount="0"/>
      <line num="114" count="6" type="stmt"/>
      <line num="115" count="6" type="stmt"/>
      <line num="116" count="60" type="stmt"/>
      <line num="117" count="60" type="stmt"/>
      <line num="118" count="60" type="cond" truecount="2" falsecount="0"/>
      <line num="119" count="60" type="stmt"/>
      <line num="120" count="60" type="stmt"/>
      <line num="121" count="60" type="cond" truecount="0" falsecount="1"/>
      <line num="122" count="0" type="stmt"/>
      <line num="123" count="0" type="stmt"/>
      <line num="124" count="0" type="stmt"/>
      <line num="125" count="60" type="stmt"/>
      <line num="126" count="60" type="stmt"/>
      <line num="127" count="60" type="cond" truecount="1" falsecount="0"/>
      <line num="128" count="18" type="stmt"/>
      <line num="129" count="18" type="stmt"/>
      <line num="130" count="18" type="cond" truecount="1" falsecount="0"/>
      <line num="131" count="42" type="stmt"/>
      <line num="132" count="42" type="stmt"/>
      <line num="133" count="42" type="stmt"/>
      <line num="134" count="42" type="stmt"/>
      <line num="135" count="42" type="stmt"/>
      <line num="136" count="42" type="stmt"/>
      <line num="137" count="42" type="stmt"/>
      <line num="138" count="42" type="stmt"/>
      <line num="139" count="60" type="cond" truecount="1" falsecount="0"/>
      <line num="140" count="54" type="stmt"/>
      <line num="141" count="54" type="stmt"/>
      <line num="142" count="54" type="stmt"/>
      <line num="143" count="54" type="stmt"/>
      <line num="144" count="54" type="stmt"/>
      <line num="145" count="54" type="stmt"/>
      <line num="146" count="54" type="stmt"/>
      <line num="147" count="54" type="stmt"/>
      <line num="148" count="54" type="stmt"/>
      <line num="149" count="54" type="cond" truecount="1" falsecount="0"/>
      <line num="150" count="42" type="stmt"/>
      <line num="151" count="42" type="stmt"/>
      <line num="152" count="42" type="stmt"/>
      <line num="153" count="42" type="stmt"/>
      <line num="154" count="42" type="stmt"/>
      <line num="155" count="60" type="cond" truecount="1" falsecount="0"/>
      <line num="156" count="54" type="stmt"/>
      <line num="157" count="54" type="stmt"/>
      <line num="158" count="54" type="cond" truecount="0" falsecount="1"/>
      <line num="159" count="0" type="stmt"/>
      <line num="160" count="0" type="stmt"/>
      <line num="161" count="0" type="stmt"/>
      <line num="162" count="0" type="stmt"/>
      <line num="163" count="0" type="stmt"/>
      <line num="164" count="0" type="stmt"/>
      <line num="165" count="0" type="stmt"/>
      <line num="166" count="0" type="stmt"/>
      <line num="167" count="54" type="stmt"/>
      <line num="168" count="54" type="stmt"/>
      <line num="169" count="54" type="stmt"/>
      <line num="170" count="54" type="stmt"/>
      <line num="171" count="54" type="stmt"/>
      <line num="172" count="54" type="stmt"/>
      <line num="173" count="54" type="stmt"/>
      <line num="174" count="54" type="stmt"/>
      <line num="175" count="54" type="stmt"/>
      <line num="176" count="54" type="cond" truecount="1" falsecount="0"/>
      <line num="177" count="42" type="stmt"/>
      <line num="178" count="60" type="stmt"/>
      <line num="179" count="1" type="stmt"/>
      <line num="180" count="1" type="stmt"/>
      <line num="181" count="1" type="stmt"/>
      <line num="182" count="1" type="stmt"/>
      <line num="183" count="1" type="stmt"/>
      <line num="184" count="1" type="stmt"/>
      <line num="185" count="1" type="stmt"/>
      <line num="186" count="1" type="stmt"/>
      <line num="187" count="1" type="stmt"/>
      <line num="188" count="1" type="stmt"/>
      <line num="189" count="1" type="stmt"/>
      <line num="190" count="1" type="stmt"/>
      <line num="191" count="1" type="stmt"/>
      <line num="192" count="1" type="stmt"/>
      <line num="193" count="1" type="stmt"/>
      <line num="194" count="1" type="stmt"/>
      <line num="195" count="1" type="stmt"/>
      <line num="196" count="1" type="stmt"/>
      <line num="197" count="1" type="stmt"/>
      <line num="198" count="1" type="stmt"/>
      <line num="199" count="1" type="stmt"/>
      <line num="200" count="1" type="stmt"/>
      <line num="201" count="1" type="stmt"/>
      <line num="202" count="1" type="stmt"/>
      <line num="203" count="1" type="stmt"/>
      <line num="204" count="1" type="stmt"/>
      <line num="205" count="1" type="stmt"/>
      <line num="206" count="1" type="stmt"/>
      <line num="207" count="1" type="stmt"/>
      <line num="208" count="1" type="stmt"/>
      <line num="209" count="1" type="stmt"/>
      <line num="210" count="1" type="stmt"/>
      <line num="211" count="1" type="stmt"/>
      <line num="212" count="1" type="stmt"/>
      <line num="213" count="1" type="stmt"/>
      <line num="214" count="1" type="cond" truecount="1" falsecount="0"/>
      <line num="215" count="1" type="cond" truecount="0" falsecount="1"/>
      <line num="216" count="0" type="stmt"/>
      <line num="217" count="0" type="stmt"/>
      <line num="218" count="1" type="stmt"/>
      <line num="219" count="1" type="stmt"/>
      <line num="220" count="1" type="stmt"/>
      <line num="221" count="1" type="cond" truecount="1" falsecount="0"/>
      <line num="222" count="1" type="cond" truecount="0" falsecount="1"/>
      <line num="223" count="0" type="stmt"/>
      <line num="224" count="0" type="stmt"/>
      <line num="225" count="1" type="stmt"/>
      <line num="226" count="1" type="stmt"/>
      <line num="227" count="1" type="stmt"/>
      <line num="228" count="1" type="cond" truecount="1" falsecount="0"/>
      <line num="229" count="7" type="cond" truecount="0" falsecount="1"/>
      <line num="230" count="0" type="stmt"/>
      <line num="231" count="0" type="stmt"/>
      <line num="232" count="7" type="stmt"/>
      <line num="233" count="7" type="stmt"/>
      <line num="234" count="7" type="cond" truecount="0" falsecount="1"/>
      <line num="235" count="0" type="stmt"/>
      <line num="236" count="0" type="stmt"/>
      <line num="237" count="7" type="stmt"/>
      <line num="238" count="7" type="cond" truecount="1" falsecount="0"/>
      <line num="239" count="70" type="stmt"/>
      <line num="240" count="7" type="stmt"/>
      <line num="241" count="7" type="stmt"/>
      <line num="242" count="7" type="cond" truecount="1" falsecount="0"/>
      <line num="243" count="63" type="stmt"/>
      <line num="244" count="63" type="cond" truecount="0" falsecount="1"/>
      <line num="245" count="0" type="stmt"/>
      <line num="246" count="0" type="stmt"/>
      <line num="247" count="63" type="stmt"/>
      <line num="248" count="63" type="stmt"/>
      <line num="249" count="63" type="stmt"/>
      <line num="250" count="7" type="stmt"/>
      <line num="251" count="7" type="stmt"/>
      <line num="252" count="7" type="stmt"/>
      <line num="253" count="1" type="stmt"/>
      <line num="254" count="1" type="cond" truecount="1" falsecount="0"/>
      <line num="255" count="1" type="stmt"/>
      <line num="256" count="1" type="stmt"/>
      <line num="257" count="1" type="cond" truecount="1" falsecount="0"/>
      <line num="258" count="541" type="stmt"/>
      <line num="259" count="541" type="stmt"/>
      <line num="260" count="541" type="stmt"/>
      <line num="261" count="541" type="stmt"/>
      <line num="262" count="541" type="stmt"/>
      <line num="263" count="1" type="stmt"/>
      <line num="264" count="1" type="stmt"/>
      <line num="265" count="1" type="stmt"/>
      <line num="266" count="1" type="stmt"/>
      <line num="267" count="1" type="cond" truecount="1" falsecount="0"/>
      <line num="268" count="7" type="stmt"/>
      <line num="269" count="7" type="cond" truecount="0" falsecount="1"/>
      <line num="270" count="0" type="stmt"/>
      <line num="271" count="0" type="stmt"/>
      <line num="272" count="7" type="stmt"/>
      <line num="273" count="7" type="stmt"/>
      <line num="274" count="7" type="stmt"/>
      <line num="275" count="7" type="cond" truecount="1" falsecount="0"/>
      <line num="276" count="70" type="cond" truecount="1" falsecount="0"/>
      <line num="277" count="63" type="stmt"/>
      <line num="278" count="63" type="cond" truecount="0" falsecount="1"/>
      <line num="279" count="0" type="stmt"/>
      <line num="280" count="63" type="stmt"/>
      <line num="281" count="63" type="stmt"/>
      <line num="282" count="63" type="stmt"/>
      <line num="283" count="63" type="stmt"/>
      <line num="284" count="70" type="stmt"/>
      <line num="285" count="7" type="cond" truecount="1" falsecount="0"/>
      <line num="286" count="70" type="stmt"/>
      <line num="287" count="7" type="stmt"/>
      <line num="288" count="7" type="stmt"/>
      <line num="289" count="7" type="stmt"/>
      <line num="290" count="7" type="stmt"/>
      <line num="291" count="7" type="stmt"/>
      <line num="292" count="7" type="stmt"/>
      <line num="293" count="7" type="stmt"/>
      <line num="294" count="7" type="stmt"/>
      <line num="295" count="7" type="stmt"/>
      <line num="296" count="7" type="stmt"/>
      <line num="297" count="7" type="stmt"/>
      <line num="298" count="7" type="stmt"/>
      <line num="299" count="7" type="stmt"/>
      <line num="300" count="7" type="stmt"/>
      <line num="301" count="1" type="stmt"/>
      <line num="302" count="1" type="cond" truecount="1" falsecount="0"/>
      <line num="303" count="1" type="cond" truecount="0" falsecount="1"/>
      <line num="304" count="0" type="stmt"/>
      <line num="305" count="0" type="stmt"/>
      <line num="306" count="1" type="stmt"/>
      <line num="307" count="1" type="stmt"/>
      <line num="308" count="1" type="stmt"/>
      <line num="309" count="1" type="stmt"/>
      <line num="310" count="1" type="stmt"/>
      <line num="311" count="1" type="stmt"/>
      <line num="312" count="1" type="stmt"/>
      <line num="313" count="1" type="stmt"/>
      <line num="314" count="1" type="stmt"/>
      <line num="315" count="1" type="stmt"/>
      <line num="316" count="1" type="stmt"/>
      <line num="317" count="1" type="stmt"/>
      <line num="318" count="1" type="cond" truecount="1" falsecount="0"/>
      <line num="319" count="6" type="cond" truecount="0" falsecount="1"/>
      <line num="320" count="0" type="stmt"/>
      <line num="321" count="0" type="stmt"/>
      <line num="322" count="6" type="stmt"/>
      <line num="323" count="6" type="cond" truecount="0" falsecount="1"/>
      <line num="324" count="0" type="stmt"/>
      <line num="325" count="0" type="stmt"/>
      <line num="326" count="6" type="cond" truecount="1" falsecount="0"/>
      <line num="327" count="4" type="cond" truecount="0" falsecount="1"/>
      <line num="328" count="0" type="stmt"/>
      <line num="329" count="4" type="stmt"/>
      <line num="330" count="4" type="stmt"/>
      <line num="331" count="4" type="stmt"/>
      <line num="332" count="6" type="stmt"/>
      <line num="333" count="6" type="stmt"/>
      <line num="334" count="1" type="stmt"/>
      <line num="335" count="1" type="stmt"/>
      <line num="336" count="1" type="stmt"/>
      <line num="337" count="1" type="stmt"/>
      <line num="338" count="1" type="stmt"/>
      <line num="339" count="1" type="stmt"/>
      <line num="340" count="1" type="stmt"/>
      <line num="341" count="1" type="stmt"/>
      <line num="342" count="1" type="stmt"/>
      <line num="343" count="1" type="stmt"/>
      <line num="344" count="1" type="stmt"/>
    </file>
    <file name="graph.ts" path="/home/will/byteDancePro/packagedepgraph/graph.ts">
      <metrics statements="67" coveredstatements="59" conditionals="16" coveredconditionals="11" methods="9" coveredmethods="8"/>
      <line num="1" count="1" type="stmt"/>
      <line num="2" count="1" type="stmt"/>
      <line num="3" count="1" type="stmt"/>
      <line num="4" count="1" type="cond" truecount="1" falsecount="0"/>
      <line num="5" count="9" type="stmt"/>
      <line num="6" count="9" type="stmt"/>
      <line num="7" count="1" type="stmt"/>
      <line num="8" count="1" type="cond" truecount="1" falsecount="0"/>
      <line num="9" count="114" type="cond" truecount="1" falsecount="0"/>
      <line num="10" count="60" type="stmt"/>
      <line num="11" count="60" type="stmt"/>
      <line num="12" count="60" type="cond" truecount="1" falsecount="0"/>
      <line num="13" count="54" type="stmt"/>
      <line num="14" count="114" type="stmt"/>
      <line num="15" count="1" type="stmt"/>
      <line num="16" count="1" type="cond" truecount="1" falsecount="0"/>
      <line num="17" count="54" type="stmt"/>
      <line num="18" count="54" type="stmt"/>
      <line num="19" count="54" type="stmt"/>
      <line num="20" count="54" type="stmt"/>
      <line num="21" count="54" type="stmt"/>
      <line num="22" count="54" type="stmt"/>
      <line num="23" count="54" type="cond" truecount="0" falsecount="1"/>
      <line num="24" count="0" type="stmt"/>
      <line num="25" count="54" type="stmt"/>
      <line num="26" count="1" type="stmt"/>
      <line num="27" count="1" type="cond" truecount="1" falsecount="0"/>
      <line num="28" count="442" type="stmt"/>
      <line num="29" count="442" type="stmt"/>
      <line num="30" count="1" type="stmt"/>
      <line num="31" count="1" type="cond" truecount="1" falsecount="0"/>
      <line num="32" count="124" type="stmt"/>
      <line num="33" count="124" type="stmt"/>
      <line num="34" count="124" type="cond" truecount="0" falsecount="1"/>
      <line num="35" count="0" type="stmt"/>
      <line num="36" count="124" type="stmt"/>
      <line num="37" count="1" type="stmt"/>
      <line num="38" count="1" type="cond" truecount="1" falsecount="0"/>
      <line num="39" count="14" type="stmt"/>
      <line num="40" count="14" type="cond" truecount="1" falsecount="0"/>
      <line num="41" count="140" type="stmt"/>
      <line num="42" count="140" type="stmt"/>
      <line num="43" count="14" type="stmt"/>
      <line num="44" count="14" type="stmt"/>
      <line num="45" count="1" type="stmt"/>
      <line num="46" count="1" type="cond" truecount="1" falsecount="0"/>
      <line num="47" count="42" type="stmt"/>
      <line num="48" count="42" type="stmt"/>
      <line num="49" count="42" type="cond" truecount="0" falsecount="1"/>
      <line num="50" count="0" type="stmt"/>
      <line num="51" count="42" type="stmt"/>
      <line num="52" count="1" type="stmt"/>
      <line num="53" count="1" type="cond" truecount="1" falsecount="0"/>
      <line num="54" count="54" type="stmt"/>
      <line num="55" count="54" type="stmt"/>
      <line num="56" count="54" type="cond" truecount="0" falsecount="1"/>
      <line num="57" count="0" type="stmt"/>
      <line num="58" count="0" type="stmt"/>
      <line num="59" count="54" type="stmt"/>
      <line num="60" count="54" type="cond" truecount="0" falsecount="1"/>
      <line num="61" count="0" type="stmt"/>
      <line num="62" count="54" type="stmt"/>
      <line num="63" count="1" type="stmt"/>
      <line num="64" count="1" type="stmt"/>
      <line num="65" count="0" type="stmt"/>
      <line num="66" count="0" type="stmt"/>
      <line num="67" count="1" type="stmt"/>
    </file>
    <file name="server.ts" path="/home/will/byteDancePro/packagedepgraph/server.ts">
      <metrics statements="136" coveredstatements="67" conditionals="7" coveredconditionals="6" methods="2" coveredmethods="2"/>
      <line num="1" count="1" type="stmt"/>
      <line num="2" count="1" type="stmt"/>
      <line num="3" count="1" type="stmt"/>
      <line num="4" count="1" type="stmt"/>
      <line num="5" count="1" type="stmt"/>
      <line num="6" count="1" type="stmt"/>
      <line num="7" count="1" type="stmt"/>
      <line num="8" count="1" type="stmt"/>
      <line num="9" count="1" type="stmt"/>
      <line num="10" count="1" type="stmt"/>
      <line num="11" count="1" type="stmt"/>
      <line num="12" count="1" type="stmt"/>
      <line num="13" count="1" type="stmt"/>
      <line num="14" count="1" type="cond" truecount="1" falsecount="0"/>
      <line num="15" count="3" type="cond" truecount="1" falsecount="0"/>
      <line num="16" count="3" type="stmt"/>
      <line num="17" count="3" type="stmt"/>
      <line num="18" count="3" type="cond" truecount="1" falsecount="0"/>
      <line num="19" count="2" type="stmt"/>
      <line num="20" count="2" type="stmt"/>
      <line num="21" count="2" type="stmt"/>
      <line num="22" count="2" type="stmt"/>
      <line num="23" count="2" type="stmt"/>
      <line num="24" count="2" type="cond" truecount="0" falsecount="1"/>
      <line num="25" count="0" type="stmt"/>
      <line num="26" count="0" type="stmt"/>
      <line num="27" count="3" type="stmt"/>
      <line num="28" count="3" type="stmt"/>
      <line num="29" count="3" type="cond" truecount="1" falsecount="0"/>
      <line num="30" count="1" type="stmt"/>
      <line num="31" count="1" type="stmt"/>
      <line num="32" count="3" type="stmt"/>
      <line num="33" count="3" type="stmt"/>
      <line num="34" count="3" type="stmt"/>
      <line num="35" count="3" type="stmt"/>
      <line num="36" count="3" type="stmt"/>
      <line num="37" count="1" type="stmt"/>
      <line num="38" count="1" type="cond" truecount="1" falsecount="0"/>
      <line num="39" count="1" type="stmt"/>
      <line num="40" count="1" type="stmt"/>
      <line num="41" count="1" type="stmt"/>
      <line num="42" count="1" type="stmt"/>
      <line num="43" count="1" type="stmt"/>
      <line num="44" count="0" type="stmt"/>
      <line num="45" count="1" type="stmt"/>
      <line num="46" count="1" type="stmt"/>
      <line num="47" count="1" type="stmt"/>
      <line num="48" count="1" type="stmt"/>
      <line num="49" count="0" type="stmt"/>
      <line num="50" count="0" type="stmt"/>
      <line num="51" count="1" type="stmt"/>
      <line num="52" count="1" type="stmt"/>
      <line num="53" count="1" type="stmt"/>
      <line num="54" count="1" type="stmt"/>
      <line num="55" count="1" type="stmt"/>
      <line num="56" count="0" type="stmt"/>
      <line num="57" count="0" type="stmt"/>
      <line num="58" count="0" type="stmt"/>
      <line num="59" count="0" type="stmt"/>
      <line num="60" count="0" type="stmt"/>
      <line num="61" count="0" type="stmt"/>
      <line num="62" count="0" type="stmt"/>
      <line num="63" count="0" type="stmt"/>
      <line num="64" count="0" type="stmt"/>
      <line num="65" count="0" type="stmt"/>
      <line num="66" count="0" type="stmt"/>
      <line num="67" count="0" type="stmt"/>
      <line num="68" count="0" type="stmt"/>
      <line num="69" count="0" type="stmt"/>
      <line num="70" count="0" type="stmt"/>
      <line num="71" count="0" type="stmt"/>
      <line num="72" count="0" type="stmt"/>
      <line num="73" count="0" type="stmt"/>
      <line num="74" count="0" type="stmt"/>
      <line num="75" count="0" type="stmt"/>
      <line num="76" count="0" type="stmt"/>
      <line num="77" count="0" type="stmt"/>
      <line num="78" count="0" type="stmt"/>
      <line num="79" count="0" type="stmt"/>
      <line num="80" count="0" type="stmt"/>
      <line num="81" count="0" type="stmt"/>
      <line num="82" count="0" type="stmt"/>
      <line num="83" count="0" type="stmt"/>
      <line num="84" count="0" type="stmt"/>
      <line num="85" count="0" type="stmt"/>
      <line num="86" count="0" type="stmt"/>
      <line num="87" count="0" type="stmt"/>
      <line num="88" count="0" type="stmt"/>
      <line num="89" count="0" type="stmt"/>
      <line num="90" count="0" type="stmt"/>
      <line num="91" count="0" type="stmt"/>
      <line num="92" count="0" type="stmt"/>
      <line num="93" count="0" type="stmt"/>
      <line num="94" count="0" type="stmt"/>
      <line num="95" count="0" type="stmt"/>
      <line num="96" count="1" type="stmt"/>
      <line num="97" count="1" type="stmt"/>
      <line num="98" count="1" type="stmt"/>
      <line num="99" count="0" type="stmt"/>
      <line num="100" count="0" type="stmt"/>
      <line num="101" count="0" type="stmt"/>
      <line num="102" count="0" type="stmt"/>
      <line num="103" count="0" type="stmt"/>
      <line num="104" count="0" type="stmt"/>
      <line num="105" count="0" type="stmt"/>
      <line num="106" count="0" type="stmt"/>
      <line num="107" count="0" type="stmt"/>
      <line num="108" count="0" type="stmt"/>
      <line num="109" count="0" type="stmt"/>
      <line num="110" count="0" type="stmt"/>
      <line num="111" count="0" type="stmt"/>
      <line num="112" count="0" type="stmt"/>
      <line num="113" count="0" type="stmt"/>
      <line num="114" count="0" type="stmt"/>
      <line num="115" count="0" type="stmt"/>
      <line num="116" count="0" type="stmt"/>
      <line num="117" count="0" type="stmt"/>
      <line num="118" count="0" type="stmt"/>
      <line num="119" count="0" type="stmt"/>
      <line num="120" count="0" type="stmt"/>
      <line num="121" count="0" type="stmt"/>
      <line num="122" count="0" type="stmt"/>
      <line num="123" count="1" type="stmt"/>
      <line num="124" count="1" type="stmt"/>
      <line num="125" count="1" type="cond" truecount="1" falsecount="0"/>
      <line num="126" count="1" type="stmt"/>
      <line num="127" count="1" type="stmt"/>
      <line num="128" count="1" type="stmt"/>
      <line num="129" count="1" type="stmt"/>
      <line num="130" count="1" type="stmt"/>
      <line num="131" count="1" type="stmt"/>
      <line num="132" count="1" type="stmt"/>
      <line num="133" count="1" type="stmt"/>
      <line num="134" count="1" type="stmt"/>
      <line num="135" count="1" type="stmt"/>
      <line num="136" count="1" type="stmt"/>
    </file>
    <file name="utils.ts" path="/home/will/byteDancePro/packagedepgraph/utils.ts">
      <metrics statements="243" coveredstatements="211" conditionals="28" coveredconditionals="20" methods="5" coveredmethods="5"/>
      <line num="1" count="1" type="stmt"/>
      <line num="2" count="1" type="stmt"/>
      <line num="3" count="1" type="stmt"/>
      <line num="4" count="1" type="stmt"/>
      <line num="5" count="1" type="stmt"/>
      <line num="6" count="1" type="stmt"/>
      <line num="7" count="1" type="stmt"/>
      <line num="8" count="1" type="stmt"/>
      <line num="9" count="1" type="stmt"/>
      <line num="10" count="1" type="stmt"/>
      <line num="11" count="1" type="stmt"/>
      <line num="12" count="1" type="stmt"/>
      <line num="13" count="1" type="stmt"/>
      <line num="14" count="1" type="stmt"/>
      <line num="15" count="1" type="stmt"/>
      <line num="16" count="1" type="stmt"/>
      <line num="17" count="1" type="stmt"/>
      <line num="18" count="1" type="stmt"/>
      <line num="19" count="1" type="stmt"/>
      <line num="20" count="1" type="stmt"/>
      <line num="21" count="1" type="cond" truecount="1" falsecount="0"/>
      <line num="22" count="167191" type="stmt"/>
      <line num="23" count="167191" type="stmt"/>
      <line num="24" count="167191" type="stmt"/>
      <line num="25" count="167191" type="cond" truecount="1" falsecount="0"/>
      <line num="26" count="14" type="stmt"/>
      <line num="27" count="14" type="cond" truecount="1" falsecount="0"/>
      <line num="28" count="167191" type="cond" truecount="1" falsecount="0"/>
      <line num="29" count="142156" type="stmt"/>
      <line num="30" count="142156" type="cond" truecount="1" falsecount="0"/>
      <line num="31" count="25021" type="stmt"/>
      <line num="32" count="25021" type="stmt"/>
      <line num="33" count="167191" type="cond" truecount="1" falsecount="0"/>
      <line num="34" count="11269" type="stmt"/>
      <line num="35" count="11269" type="stmt"/>
      <line num="36" count="11269" type="stmt"/>
      <line num="37" count="11269" type="stmt"/>
      <line num="38" count="11269" type="stmt"/>
      <line num="39" count="11269" type="stmt"/>
      <line num="40" count="11269" type="stmt"/>
      <line num="41" count="11269" type="stmt"/>
      <line num="42" count="11269" type="cond" truecount="2" falsecount="0"/>
      <line num="43" count="10800" type="cond" truecount="1" falsecount="0"/>
      <line num="44" count="4577" type="stmt"/>
      <line num="45" count="4577" type="stmt"/>
      <line num="46" count="4577" type="stmt"/>
      <line num="47" count="4577" type="stmt"/>
      <line num="48" count="4577" type="cond" truecount="1" falsecount="0"/>
      <line num="49" count="6223" type="stmt"/>
      <line num="50" count="6223" type="stmt"/>
      <line num="51" count="6223" type="stmt"/>
      <line num="52" count="6223" type="stmt"/>
      <line num="53" count="6223" type="stmt"/>
      <line num="54" count="10800" type="stmt"/>
      <line num="55" count="11269" type="cond" truecount="1" falsecount="0"/>
      <line num="56" count="14" type="stmt"/>
      <line num="57" count="14" type="stmt"/>
      <line num="58" count="11269" type="cond" truecount="1" falsecount="0"/>
      <line num="59" count="25021" type="stmt"/>
      <line num="60" count="25021" type="stmt"/>
      <line num="61" count="25021" type="cond" truecount="1" falsecount="0"/>
      <line num="62" count="167176" type="stmt"/>
      <line num="63" count="167176" type="stmt"/>
      <line num="64" count="25021" type="stmt"/>
      <line num="65" count="25021" type="stmt"/>
      <line num="66" count="1" type="stmt"/>
      <line num="67" count="1" type="cond" truecount="1" falsecount="0"/>
      <line num="68" count="7" type="stmt"/>
      <line num="69" count="7" type="stmt"/>
      <line num="70" count="7" type="stmt"/>
      <line num="71" count="1" type="stmt"/>
      <line num="72" count="1" type="stmt"/>
      <line num="73" count="1" type="cond" truecount="1" falsecount="0"/>
      <line num="74" count="115" type="stmt"/>
      <line num="75" count="115" type="stmt"/>
      <line num="76" count="115" type="stmt"/>
      <line num="77" count="115" type="stmt"/>
      <line num="78" count="115" type="stmt"/>
      <line num="79" count="115" type="stmt"/>
      <line num="80" count="115" type="stmt"/>
      <line num="81" count="115" type="stmt"/>
      <line num="82" count="115" type="stmt"/>
      <line num="83" count="115" type="stmt"/>
      <line num="84" count="115" type="stmt"/>
      <line num="85" count="115" type="stmt"/>
      <line num="86" count="115" type="stmt"/>
      <line num="87" count="115" type="stmt"/>
      <line num="88" count="115" type="stmt"/>
      <line num="89" count="115" type="cond" truecount="1" falsecount="0"/>
      <line num="90" count="57731" type="stmt"/>
      <line num="91" count="57731" type="stmt"/>
      <line num="92" count="57731" type="stmt"/>
      <line num="93" count="57731" type="stmt"/>
      <line num="94" count="57731" type="stmt"/>
      <line num="95" count="57731" type="stmt"/>
      <line num="96" count="57731" type="stmt"/>
      <line num="97" count="57731" type="cond" truecount="1" falsecount="0"/>
      <line num="98" count="115" type="cond" truecount="0" falsecount="1"/>
      <line num="99" count="115" type="stmt"/>
      <line num="100" count="115" type="stmt"/>
      <line num="101" count="115" type="stmt"/>
      <line num="102" count="115" type="stmt"/>
      <line num="103" count="57731" type="stmt"/>
      <line num="104" count="115" type="cond" truecount="0" falsecount="2"/>
      <line num="105" count="0" type="stmt"/>
      <line num="106" count="0" type="stmt"/>
      <line num="107" count="0" type="stmt"/>
      <line num="108" count="0" type="stmt"/>
      <line num="109" count="0" type="stmt"/>
      <line num="110" count="0" type="stmt"/>
      <line num="111" count="0" type="stmt"/>
      <line num="112" count="0" type="stmt"/>
      <line num="113" count="0" type="stmt"/>
      <line num="114" count="0" type="stmt"/>
      <line num="115" count="0" type="stmt"/>
      <line num="116" count="0" type="stmt"/>
      <line num="117" count="0" type="stmt"/>
      <line num="118" count="0" type="stmt"/>
      <line num="119" count="0" type="stmt"/>
      <line num="120" count="0" type="stmt"/>
      <line num="121" count="115" type="stmt"/>
      <line num="122" count="115" type="stmt"/>
      <line num="123" count="1" type="stmt"/>
      <line num="124" count="1" type="cond" truecount="1" falsecount="0"/>
      <line num="125" count="1" type="stmt"/>
      <line num="126" count="1" type="stmt"/>
      <line num="127" count="1" type="stmt"/>
      <line num="128" count="1" type="stmt"/>
      <line num="129" count="1" type="stmt"/>
      <line num="130" count="1" type="stmt"/>
      <line num="131" count="1" type="stmt"/>
      <line num="132" count="1" type="stmt"/>
      <line num="133" count="1" type="stmt"/>
      <line num="134" count="1" type="stmt"/>
      <line num="135" count="1" type="stmt"/>
      <line num="136" count="1" type="stmt"/>
      <line num="137" count="1" type="stmt"/>
      <line num="138" count="1" type="stmt"/>
      <line num="139" count="1" type="stmt"/>
      <line num="140" count="1" type="stmt"/>
      <line num="141" count="1" type="cond" truecount="0" falsecount="1"/>
      <line num="142" count="1" type="stmt"/>
      <line num="143" count="1" type="stmt"/>
      <line num="144" count="1" type="stmt"/>
      <line num="145" count="1" type="stmt"/>
      <line num="146" count="1" type="stmt"/>
      <line num="147" count="1" type="stmt"/>
      <line num="148" count="1" type="stmt"/>
      <line num="149" count="1" type="stmt"/>
      <line num="150" count="1" type="stmt"/>
      <line num="151" count="1" type="cond" truecount="0" falsecount="1"/>
      <line num="152" count="1" type="stmt"/>
      <line num="153" count="1" type="stmt"/>
      <line num="154" count="1" type="stmt"/>
      <line num="155" count="1" type="stmt"/>
      <line num="156" count="1" type="stmt"/>
      <line num="157" count="1" type="cond" truecount="0" falsecount="2"/>
      <line num="158" count="0" type="stmt"/>
      <line num="159" count="0" type="stmt"/>
      <line num="160" count="0" type="stmt"/>
      <line num="161" count="0" type="stmt"/>
      <line num="162" count="0" type="stmt"/>
      <line num="163" count="0" type="stmt"/>
      <line num="164" count="0" type="stmt"/>
      <line num="165" count="0" type="stmt"/>
      <line num="166" count="0" type="stmt"/>
      <line num="167" count="0" type="stmt"/>
      <line num="168" count="0" type="stmt"/>
      <line num="169" count="0" type="stmt"/>
      <line num="170" count="0" type="stmt"/>
      <line num="171" count="0" type="stmt"/>
      <line num="172" count="0" type="stmt"/>
      <line num="173" count="0" type="stmt"/>
      <line num="174" count="1" type="stmt"/>
      <line num="175" count="1" type="stmt"/>
      <line num="176" count="1" type="stmt"/>
      <line num="177" count="1" type="stmt"/>
      <line num="178" count="1" type="stmt"/>
      <line num="179" count="1" type="stmt"/>
      <line num="180" count="1" type="stmt"/>
      <line num="181" count="1" type="stmt"/>
      <line num="182" count="1" type="cond" truecount="1" falsecount="0"/>
      <line num="183" count="2" type="stmt"/>
      <line num="184" count="2" type="stmt"/>
      <line num="185" count="2" type="stmt"/>
      <line num="186" count="2" type="stmt"/>
      <line num="187" count="2" type="stmt"/>
      <line num="188" count="2" type="stmt"/>
      <line num="189" count="2" type="cond" truecount="0" falsecount="1"/>
      <line num="190" count="2" type="cond" truecount="1" falsecount="0"/>
      <line num="191" count="543" type="stmt"/>
      <line num="192" count="543" type="stmt"/>
      <line num="193" count="543" type="stmt"/>
      <line num="194" count="543" type="stmt"/>
      <line num="195" count="543" type="stmt"/>
      <line num="196" count="2" type="stmt"/>
      <line num="197" count="2" type="stmt"/>
      <line num="198" count="1" type="stmt"/>
      <line num="199" count="1" type="stmt"/>
      <line num="200" count="1" type="stmt"/>
      <line num="201" count="1" type="stmt"/>
      <line num="202" count="1" type="stmt"/>
      <line num="203" count="1" type="stmt"/>
      <line num="204" count="1" type="stmt"/>
      <line num="205" count="1" type="stmt"/>
      <line num="206" count="1" type="stmt"/>
      <line num="207" count="1" type="stmt"/>
      <line num="208" count="1" type="stmt"/>
      <line num="209" count="1" type="stmt"/>
      <line num="210" count="1" type="stmt"/>
      <line num="211" count="1" type="stmt"/>
      <line num="212" count="1" type="stmt"/>
      <line num="213" count="1" type="stmt"/>
      <line num="214" count="1" type="stmt"/>
      <line num="215" count="1" type="stmt"/>
      <line num="216" count="1" type="stmt"/>
      <line num="217" count="1" type="stmt"/>
      <line num="218" count="1" type="stmt"/>
      <line num="219" count="1" type="stmt"/>
      <line num="220" count="1" type="stmt"/>
      <line num="221" count="1" type="stmt"/>
      <line num="222" count="1" type="stmt"/>
      <line num="223" count="1" type="stmt"/>
      <line num="224" count="1" type="stmt"/>
      <line num="225" count="1" type="stmt"/>
      <line num="226" count="1" type="stmt"/>
      <line num="227" count="1" type="stmt"/>
      <line num="228" count="1" type="stmt"/>
      <line num="229" count="1" type="stmt"/>
      <line num="230" count="1" type="stmt"/>
      <line num="231" count="1" type="stmt"/>
      <line num="232" count="1" type="stmt"/>
      <line num="233" count="1" type="stmt"/>
      <line num="234" count="1" type="stmt"/>
      <line num="235" count="1" type="stmt"/>
      <line num="236" count="1" type="stmt"/>
      <line num="237" count="1" type="stmt"/>
      <line num="238" count="1" type="stmt"/>
      <line num="239" count="1" type="stmt"/>
      <line num="240" count="1" type="stmt"/>
      <line num="241" count="1" type="stmt"/>
      <line num="242" count="1" type="stmt"/>
      <line num="243" count="1" type="stmt"/>
    </file>
    <file name="versionmanage.ts" path="/home/will/byteDancePro/packagedepgraph/versionmanage.ts">
      <metrics statements="128" coveredstatements="123" conditionals="19" coveredconditionals="16" methods="2" coveredmethods="2"/>
      <line num="1" count="1" type="stmt"/>
      <line num="2" count="1" type="stmt"/>
      <line num="3" count="1" type="stmt"/>
      <line num="4" count="1" type="stmt"/>
      <line num="5" count="1" type="stmt"/>
      <line num="6" count="1" type="stmt"/>
      <line num="7" count="1" type="stmt"/>
      <line num="8" count="1" type="stmt"/>
      <line num="9" count="1" type="stmt"/>
      <line num="10" count="1" type="stmt"/>
      <line num="11" count="1" type="stmt"/>
      <line num="12" count="1" type="stmt"/>
      <line num="13" count="1" type="stmt"/>
      <line num="14" count="1" type="stmt"/>
      <line num="15" count="1" type="stmt"/>
      <line num="16" count="1" type="stmt"/>
      <line num="17" count="1" type="stmt"/>
      <line num="18" count="1" type="stmt"/>
      <line num="19" count="1" type="stmt"/>
      <line num="20" count="1" type="stmt"/>
      <line num="21" count="1" type="stmt"/>
      <line num="22" count="1" type="stmt"/>
      <line num="23" count="1" type="stmt"/>
      <line num="24" count="1" type="stmt"/>
      <line num="25" count="1" type="cond" truecount="1" falsecount="0"/>
      <line num="26" count="115595" type="stmt"/>
      <line num="27" count="115595" type="stmt"/>
      <line num="28" count="115595" type="stmt"/>
      <line num="29" count="115595" type="stmt"/>
      <line num="30" count="115595" type="stmt"/>
      <line num="31" count="115595" type="stmt"/>
      <line num="32" count="115595" type="stmt"/>
      <line num="33" count="115595" type="stmt"/>
      <line num="34" count="115595" type="cond" truecount="0" falsecount="2"/>
      <line num="35" count="0" type="stmt"/>
      <line num="36" count="0" type="stmt"/>
      <line num="37" count="0" type="stmt"/>
      <line num="38" count="115595" type="stmt"/>
      <line num="39" count="115595" type="stmt"/>
      <line num="40" count="115595" type="cond" truecount="1" falsecount="0"/>
      <line num="41" count="21731" type="stmt"/>
      <line num="42" count="21731" type="stmt"/>
      <line num="43" count="21731" type="stmt"/>
      <line num="44" count="115595" type="cond" truecount="3" falsecount="0"/>
      <line num="45" count="3257" type="stmt"/>
      <line num="46" count="3257" type="stmt"/>
      <line num="47" count="3257" type="stmt"/>
      <line num="48" count="93859" type="cond" truecount="1" falsecount="0"/>
      <line num="49" count="90607" type="stmt"/>
      <line num="50" count="90607" type="stmt"/>
      <line num="51" count="115595" type="stmt"/>
      <line num="52" count="115595" type="stmt"/>
      <line num="53" count="115595" type="stmt"/>
      <line num="54" count="115595" type="stmt"/>
      <line num="55" count="115595" type="stmt"/>
      <line num="56" count="1" type="stmt"/>
      <line num="57" count="1" type="stmt"/>
      <line num="58" count="1" type="stmt"/>
      <line num="59" count="1" type="stmt"/>
      <line num="60" count="1" type="stmt"/>
      <line num="61" count="1" type="stmt"/>
      <line num="62" count="1" type="stmt"/>
      <line num="63" count="1" type="stmt"/>
      <line num="64" count="1" type="stmt"/>
      <line num="65" count="1" type="stmt"/>
      <line num="66" count="1" type="stmt"/>
      <line num="67" count="1" type="stmt"/>
      <line num="68" count="1" type="cond" truecount="1" falsecount="0"/>
      <line num="69" count="57738" type="stmt"/>
      <line num="70" count="57738" type="stmt"/>
      <line num="71" count="57738" type="stmt"/>
      <line num="72" count="57738" type="stmt"/>
      <line num="73" count="57738" type="stmt"/>
      <line num="74" count="57738" type="stmt"/>
      <line num="75" count="57738" type="stmt"/>
      <line num="76" count="57738" type="cond" truecount="1" falsecount="0"/>
      <line num="77" count="57616" type="stmt"/>
      <line num="78" count="57616" type="cond" truecount="1" falsecount="0"/>
      <line num="79" count="122" type="stmt"/>
      <line num="80" count="122" type="stmt"/>
      <line num="81" count="122" type="stmt"/>
      <line num="82" count="122" type="stmt"/>
      <line num="83" count="122" type="stmt"/>
      <line num="84" count="122" type="stmt"/>
      <line num="85" count="122" type="stmt"/>
      <line num="86" count="122" type="stmt"/>
      <line num="87" count="122" type="stmt"/>
      <line num="88" count="122" type="stmt"/>
      <line num="89" count="122" type="stmt"/>
      <line num="90" count="122" type="stmt"/>
      <line num="91" count="122" type="stmt"/>
      <line num="92" count="122" type="stmt"/>
      <line num="93" count="122" type="stmt"/>
      <line num="94" count="122" type="stmt"/>
      <line num="95" count="122" type="stmt"/>
      <line num="96" count="122" type="stmt"/>
      <line num="97" count="122" type="stmt"/>
      <line num="98" count="122" type="stmt"/>
      <line num="99" count="122" type="stmt"/>
      <line num="100" count="122" type="cond" truecount="1" falsecount="0"/>
      <line num="101" count="117" type="stmt"/>
      <line num="102" count="117" type="cond" truecount="2" falsecount="0"/>
      <line num="103" count="6" type="cond" truecount="1" falsecount="0"/>
      <line num="104" count="2" type="stmt"/>
      <line num="105" count="2" type="cond" truecount="1" falsecount="0"/>
      <line num="106" count="6" type="cond" truecount="1" falsecount="0"/>
      <line num="107" count="2" type="stmt"/>
      <line num="108" count="2" type="stmt"/>
      <line num="109" count="2" type="stmt"/>
      <line num="110" count="2" type="stmt"/>
      <line num="111" count="2" type="cond" truecount="1" falsecount="0"/>
      <line num="112" count="1" type="stmt"/>
      <line num="113" count="1" type="stmt"/>
      <line num="114" count="1" type="stmt"/>
      <line num="115" count="1" type="stmt"/>
      <line num="116" count="1" type="stmt"/>
      <line num="117" count="1" type="stmt"/>
      <line num="118" count="1" type="cond" truecount="0" falsecount="1"/>
      <line num="119" count="0" type="stmt"/>
      <line num="120" count="0" type="stmt"/>
      <line num="121" count="1" type="stmt"/>
      <line num="122" count="1" type="stmt"/>
      <line num="123" count="1" type="stmt"/>
      <line num="124" count="1" type="stmt"/>
      <line num="125" count="1" type="stmt"/>
      <line num="126" count="1" type="stmt"/>
      <line num="127" count="1" type="stmt"/>
      <line num="128" count="1" type="stmt"/>
    </file>
  </project>
</coverage>
